\BOOKMARK [0][-]{part.1}{\376\377\000I\000\040\000P\000a\000p\000e\000r\000\040\000d\000r\000a\000f\000t}{}% 1
\BOOKMARK [1][-]{section.1}{\376\377\000S\000L\000M\000\040\000R\000e\000c\000o\000n\000s\000t\000r\000u\000c\000t\000i\000o\000n}{part.1}% 2
\BOOKMARK [2][-]{subsection.1.1}{\376\377\000P\000u\000r\000p\000o\000s\000e}{section.1}% 3
\BOOKMARK [2][-]{subsection.1.2}{\376\377\000D\000a\000t\000a}{section.1}% 4
\BOOKMARK [2][-]{subsection.1.3}{\376\377\000R\000e\000s\000u\000l\000t\000s}{section.1}% 5
\BOOKMARK [2][-]{subsection.1.4}{\376\377\000C\000o\000d\000e}{section.1}% 6
\BOOKMARK [2][-]{subsection.1.5}{\376\377\000D\000e\000t\000a\000i\000l\000e\000d\000\040\000r\000e\000s\000u\000l\000t\000s}{section.1}% 7
\BOOKMARK [1][-]{section.2}{\376\377\000P\000S\000F\000\040\000R\000e\000c\000o\000n\000s\000t\000r\000u\000c\000t\000i\000o\000n}{part.1}% 8
\BOOKMARK [2][-]{subsection.2.1}{\376\377\000P\000u\000r\000p\000o\000s\000e}{section.2}% 9
\BOOKMARK [2][-]{subsection.2.2}{\376\377\000D\000a\000t\000a}{section.2}% 10
\BOOKMARK [2][-]{subsection.2.3}{\376\377\000C\000o\000d\000e}{section.2}% 11
\BOOKMARK [2][-]{subsection.2.4}{\376\377\000R\000e\000s\000u\000l\000t\000s}{section.2}% 12
\BOOKMARK [1][-]{section.3}{\376\377\000P\000h\000o\000t\000o\000n\000i\000c\000\040\000L\000a\000n\000t\000e\000r\000n\000\040\000I\000n\000f\000o\000r\000m\000a\000t\000i\000o\000n\000\040\000D\000e\000t\000e\000r\000m\000i\000n\000a\000t\000i\000o\000n}{part.1}% 13
\BOOKMARK [2][-]{subsection.3.1}{\376\377\000P\000u\000r\000p\000o\000s\000e}{section.3}% 14
\BOOKMARK [2][-]{subsection.3.2}{\376\377\000T\000h\000e\000\040\000d\000a\000t\000a}{section.3}% 15
\BOOKMARK [2][-]{subsection.3.3}{\376\377\000R\000e\000s\000u\000l\000t\000s}{section.3}% 16
\BOOKMARK [2][-]{subsection.3.4}{\376\377\000C\000o\000d\000e}{section.3}% 17
\BOOKMARK [2][-]{subsection.3.5}{\376\377\000D\000e\000t\000a\000i\000l\000e\000d\000\040\000r\000e\000s\000u\000l\000t\000s}{section.3}% 18
\BOOKMARK [1][-]{section.4}{\376\377\000C\000l\000u\000s\000t\000e\000r\000i\000n\000g\000\040\000c\000o\000m\000p\000a\000r\000i\000s\000o\000n}{part.1}% 19
\BOOKMARK [2][-]{subsection.4.1}{\376\377\000P\000u\000r\000p\000o\000s\000e}{section.4}% 20
\BOOKMARK [2][-]{subsection.4.2}{\376\377\000T\000h\000e\000\040\000d\000a\000t\000a}{section.4}% 21
\BOOKMARK [2][-]{subsection.4.3}{\376\377\000R\000e\000s\000u\000l\000t\000s}{section.4}% 22
\BOOKMARK [2][-]{subsection.4.4}{\376\377\000C\000o\000d\000e}{section.4}% 23
\BOOKMARK [2][-]{subsection.4.5}{\376\377\000D\000e\000t\000a\000i\000l\000e\000d\000\040\000r\000e\000s\000u\000l\000t\000s}{section.4}% 24
\BOOKMARK [1][-]{section.5}{\376\377\000A\000d\000j\000u\000s\000t\000e\000d\000\040\000m\000u\000t\000u\000a\000l\000\040\000i\000n\000f\000o\000r\000m\000a\000t\000i\000o\000n\000\040\000a\000n\000a\000l\000y\000s\000i\000s}{part.1}% 25
\BOOKMARK [2][-]{subsection.5.1}{\376\377\000P\000u\000r\000p\000o\000s\000e}{section.5}% 26
\BOOKMARK [2][-]{subsection.5.2}{\376\377\000T\000h\000e\000\040\000d\000a\000t\000a}{section.5}% 27
\BOOKMARK [2][-]{subsection.5.3}{\376\377\000R\000e\000s\000u\000l\000t\000s}{section.5}% 28
\BOOKMARK [2][-]{subsection.5.4}{\376\377\000C\000o\000d\000e}{section.5}% 29
\BOOKMARK [2][-]{subsection.5.5}{\376\377\000D\000e\000t\000a\000i\000l\000e\000d\000\040\000r\000e\000s\000u\000l\000t\000s}{section.5}% 30
\BOOKMARK [1][-]{section.6}{\376\377\000A\000d\000j\000u\000s\000t\000e\000d\000\040\000m\000u\000t\000u\000a\000l\000\040\000i\000n\000f\000o\000r\000m\000a\000t\000i\000o\000n\000\040\000a\000n\000a\000l\000y\000s\000i\000s}{part.1}% 31
\BOOKMARK [2][-]{subsection.6.1}{\376\377\000P\000u\000r\000p\000o\000s\000e}{section.6}% 32
\BOOKMARK [2][-]{subsection.6.2}{\376\377\000T\000h\000e\000\040\000d\000a\000t\000a}{section.6}% 33
\BOOKMARK [2][-]{subsection.6.3}{\376\377\000R\000e\000s\000u\000l\000t\000s}{section.6}% 34
\BOOKMARK [2][-]{subsection.6.4}{\376\377\000C\000o\000d\000e}{section.6}% 35
