This is pdfTeX, Version 3.141592653-2.6-1.40.22 (TeX Live 2022/dev/Debian) (preloaded format=pdflatex 2023.12.9)  16 FEB 2024 09:34
entering extended mode
 restricted \write18 enabled.
 %&-line parsing enabled.
**titlepage.tex
(./titlepage.tex
LaTeX2e <2021-11-15> patch level 1
L3 programming layer <2022-01-21>

! LaTeX Error: Environment titlepage undefined.

See the LaTeX manual or LaTeX Companion for explanation.
Type  H <return>  for immediate help.
 ...                                              
                                                  
l.1 \begin{titlepage}
                     
Your command was ignored.
Type  I <command> <return>  to replace it with another command,
or  <return>  to continue without it.


! LaTeX Error: Missing \begin{document}.

See the LaTeX manual or LaTeX Companion for explanation.
Type  H <return>  for immediate help.
 ...                                              
                                                  
l.2     \begin{center}
                      
You're in trouble here.  Try typing  <return>  to proceed.
If that doesn't work, type  X <return>  to quit.


Overfull \hbox (20.0pt too wide) in paragraph at lines 2--2
[] 
 []


LaTeX Font Warning: Font shape `OT1/cmr/m/n' in size <40> not available
(Font)              size <24.88> substituted on input line 3.


LaTeX Font Warning: Font shape `OT1/cmr/bx/n' in size <40> not available
(Font)              size <24.88> substituted on input line 3.


Overfull \hbox (27.98999pt too wide) in paragraph at lines 3--4
 \OT1/cmr/bx/n/24.88 ** 
 []


Overfull \hbox (36.57127pt too wide) in paragraph at lines 3--4
 \OT1/cmr/bx/n/24.88 Ti- 
 []


Overfull \hbox (31.43115pt too wide) in paragraph at lines 3--4
 \OT1/cmr/bx/n/24.88 tle 
 []


Overfull \hbox (58.8597pt too wide) in paragraph at lines 3--4
 \OT1/cmr/bx/n/24.88 Here 
 []


Overfull \hbox (27.98999pt too wide) in paragraph at lines 3--4
 \OT1/cmr/bx/n/24.88 ** 
 []

! Undefined control sequence.
l.5     {\LARGE
                ** subtitle here **} \\
The control sequence at the end of the top line
of your error message was never \def'ed. If you have
misspelled it (e.g., `\hobx'), type `I' and the correct
spelling (e.g., `I\hbox'). Otherwise just continue,
and I'll forget about whatever was undefined.

Missing character: There is no * in font nullfont!
Missing character: There is no * in font nullfont!
Missing character: There is no s in font nullfont!
Missing character: There is no u in font nullfont!
Missing character: There is no b in font nullfont!
Missing character: There is no t in font nullfont!
Missing character: There is no i in font nullfont!
Missing character: There is no t in font nullfont!
Missing character: There is no l in font nullfont!
Missing character: There is no e in font nullfont!
Missing character: There is no h in font nullfont!
Missing character: There is no e in font nullfont!
Missing character: There is no r in font nullfont!
Missing character: There is no e in font nullfont!
Missing character: There is no * in font nullfont!
Missing character: There is no * in font nullfont!

Overfull \hbox (11.49994pt too wide) in paragraph at lines 7--9
 []\OT1/cmr/bx/n/10 ** 
 []


Overfull \hbox (29.44427pt too wide) in paragraph at lines 7--9
 \OT1/cmr/bx/n/10 Name 
 []


Overfull \hbox (11.49994pt too wide) in paragraph at lines 7--9
 \OT1/cmr/bx/n/10 ** 
 []

Missing character: There is no * in font nullfont!
Missing character: There is no P in font nullfont!
Missing character: There is no r in font nullfont!
Missing character: There is no e in font nullfont!
Missing character: There is no p in font nullfont!
Missing character: There is no a in font nullfont!
Missing character: There is no r in font nullfont!
Missing character: There is no e in font nullfont!
Missing character: There is no d in font nullfont!
Missing character: There is no f in font nullfont!
Missing character: There is no o in font nullfont!
Missing character: There is no r in font nullfont!
Missing character: There is no , in font nullfont!
Missing character: There is no D in font nullfont!
Missing character: There is no a in font nullfont!
Missing character: There is no t in font nullfont!
Missing character: There is no e in font nullfont!
Missing character: There is no * in font nullfont!
Missing character: There is no * in font nullfont!

! LaTeX Error: Environment abstract undefined.

See the LaTeX manual or LaTeX Companion for explanation.
Type  H <return>  for immediate help.
 ...                                              
                                                  
l.13     \begin{abstract}
                         
Your command was ignored.
Type  I <command> <return>  to replace it with another command,
or  <return>  to continue without it.


! LaTeX Error: Unicode character 摘 (U+6458)
               not set up for use with LaTeX.

See the LaTeX manual or LaTeX Companion for explanation.
Type  H <return>  for immediate help.
 ...                                              
                                                  
l.14        摘
               要。
You may provide a definition with
\DeclareUnicodeCharacter 


! LaTeX Error: Unicode character 要 (U+8981)
               not set up for use with LaTeX.

See the LaTeX manual or LaTeX Companion for explanation.
Type  H <return>  for immediate help.
 ...                                              
                                                  
l.14        摘要
                  。
You may provide a definition with
\DeclareUnicodeCharacter 


! LaTeX Error: Unicode character 。 (U+3002)
               not set up for use with LaTeX.

See the LaTeX manual or LaTeX Companion for explanation.
Type  H <return>  for immediate help.
 ...                                              
                                                  
l.14        摘要。
                     
You may provide a definition with
\DeclareUnicodeCharacter 


! LaTeX Error: \begin{document} ended by \end{abstract}.

See the LaTeX manual or LaTeX Companion for explanation.
Type  H <return>  for immediate help.
 ...                                              
                                                  
l.15     \end{abstract}
                       
Your command was ignored.
Type  I <command> <return>  to replace it with another command,
or  <return>  to continue without it.


! LaTeX Error: \begin{document} ended by \end{titlepage}.

See the LaTeX manual or LaTeX Companion for explanation.
Type  H <return>  for immediate help.
 ...                                              
                                                  
l.16 \end{titlepage}
                    
Your command was ignored.
Type  I <command> <return>  to replace it with another command,
or  <return>  to continue without it.

)
! Emergency stop.
<*> titlepage.tex
                 
*** (job aborted, no legal \end found)

 
Here is how much of TeX's memory you used:
 30 strings out of 478287
 547 string characters out of 5849289
 289007 words of memory out of 5000000
 18324 multiletter control sequences out of 15000+600000
 470173 words of font info for 31 fonts, out of 8000000 for 9000
 1141 hyphenation exceptions out of 8191
 15i,1n,12p,116b,153s stack positions out of 5000i,500n,10000p,200000b,80000s
!  ==> Fatal error occurred, no output PDF file produced!
